<?xml version="1.0" encoding="UTF-8"?>
<coverage generated="1570914588420" clover="3.2.0">
  <project timestamp="1570914588421" name="All files">
    <metrics statements="39" coveredstatements="37" conditionals="24" coveredconditionals="20" methods="15" coveredmethods="15" elements="78" coveredelements="72" complexity="0" loc="39" ncloc="39" packages="3" files="3" classes="3"/>
    <package name="entity">
      <metrics statements="6" coveredstatements="6" conditionals="0" coveredconditionals="0" methods="1" coveredmethods="1"/>
      <file name="Product.ts" path="/Users/malgorzatakowal/Documents/Unit-Testing/src/app/entity/Product.ts">
        <metrics statements="6" coveredstatements="6" conditionals="0" coveredconditionals="0" methods="1" coveredmethods="1"/>
        <line num="1" count="1" type="stmt"/>
        <line num="9" count="13" type="stmt"/>
        <line num="10" count="13" type="stmt"/>
        <line num="11" count="13" type="stmt"/>
        <line num="12" count="13" type="stmt"/>
        <line num="13" count="13" type="stmt"/>
      </file>
    </package>
    <package name="factory">
      <metrics statements="3" coveredstatements="3" conditionals="9" coveredconditionals="7" methods="1" coveredmethods="1"/>
      <file name="Product.ts" path="/Users/malgorzatakowal/Documents/Unit-Testing/src/app/factory/Product.ts">
        <metrics statements="3" coveredstatements="3" conditionals="9" coveredconditionals="7" methods="1" coveredmethods="1"/>
        <line num="1" count="1" type="stmt"/>
        <line num="2" count="1" type="stmt"/>
        <line num="4" count="13" type="cond" truecount="1" falsecount="0"/>
      </file>
    </package>
    <package name="service">
      <metrics statements="30" coveredstatements="28" conditionals="15" coveredconditionals="13" methods="13" coveredmethods="13"/>
      <file name="basket.service.ts" path="/Users/malgorzatakowal/Documents/Unit-Testing/src/app/service/basket.service.ts">
        <metrics statements="30" coveredstatements="28" conditionals="15" coveredconditionals="13" methods="13" coveredmethods="13"/>
        <line num="1" count="1" type="stmt"/>
        <line num="7" count="1" type="stmt"/>
        <line num="8" count="1" type="stmt"/>
        <line num="9" count="1" type="stmt"/>
        <line num="13" count="13" type="stmt"/>
        <line num="17" count="16" type="cond" truecount="2" falsecount="0"/>
        <line num="22" count="15" type="stmt"/>
        <line num="24" count="15" type="cond" truecount="2" falsecount="0"/>
        <line num="25" count="2" type="stmt"/>
        <line num="27" count="2" type="cond" truecount="1" falsecount="1"/>
        <line num="28" count="2" type="stmt"/>
        <line num="29" count="2" type="stmt"/>
        <line num="31" count="0" type="stmt"/>
        <line num="34" count="13" type="stmt"/>
        <line num="36" count="15" type="stmt"/>
        <line num="41" count="3" type="stmt"/>
        <line num="42" count="3" type="stmt"/>
        <line num="45" count="3" type="cond" truecount="4" falsecount="0"/>
        <line num="46" count="1" type="stmt"/>
        <line num="48" count="1" type="cond" truecount="1" falsecount="1"/>
        <line num="49" count="1" type="stmt"/>
        <line num="50" count="1" type="stmt"/>
        <line num="52" count="0" type="stmt"/>
        <line num="55" count="4" type="stmt"/>
        <line num="58" count="3" type="stmt"/>
        <line num="62" count="2" type="cond" truecount="2" falsecount="0"/>
        <line num="63" count="1" type="stmt"/>
        <line num="65" count="1" type="stmt"/>
        <line num="70" count="12" type="stmt"/>
        <line num="71" count="12" type="stmt"/>
      </file>
    </package>
  </project>
</coverage>
