{"/Users/malgorzatakowal/Documents/Unit-Testing/src/app/entity/Product.ts": {"path":"/Users/malgorzatakowal/Documents/Unit-Testing/src/app/entity/Product.ts","statementMap":{"0":{"start":{"line":9,"column":4},"end":{"line":9,"column":21}},"1":{"start":{"line":10,"column":4},"end":{"line":10,"column":23}},"2":{"start":{"line":11,"column":4},"end":{"line":11,"column":29}},"3":{"start":{"line":12,"column":4},"end":{"line":12,"column":21}},"4":{"start":{"line":13,"column":4},"end":{"line":13,"column":23}},"5":{"start":{"line":1,"column":0},"end":{"line":1,"column":13}}},"fnMap":{"0":{"name":"(anonymous_0)","decl":{"start":{"line":8,"column":2},"end":{"line":8,"column":14}},"loc":{"start":{"line":8,"column":88},"end":{"line":14,"column":3}}}},"branchMap":{},"s":{"0":13,"1":13,"2":13,"3":13,"4":13,"5":1},"f":{"0":13},"b":{}}
,"/Users/malgorzatakowal/Documents/Unit-Testing/src/app/factory/Product.ts": {"path":"/Users/malgorzatakowal/Documents/Unit-Testing/src/app/factory/Product.ts","statementMap":{"0":{"start":{"line":1,"column":0},"end":{"line":1,"column":44}},"1":{"start":{"line":2,"column":0},"end":{"line":2,"column":31}},"2":{"start":{"line":4,"column":13},"end":{"line":10,"column":2}},"3":{"start":{"line":4,"column":62},"end":{"line":9,"column":null}}},"fnMap":{"0":{"name":"(anonymous_0)","decl":{"start":{"line":4,"column":29},"end":{"line":4,"column":30}},"loc":{"start":{"line":4,"column":62},"end":{"line":9,"column":null}}}},"branchMap":{"0":{"loc":{"start":{"line":4,"column":55},"end":{"line":4,"column":57}},"type":"default-arg","locations":[{"start":{"line":4,"column":55},"end":{"line":4,"column":57}}]},"1":{"loc":{"start":{"line":5,"column":34},"end":{"line":5,"column":43}},"type":"cond-expr","locations":[{"start":{"line":5,"column":34},"end":{"line":5,"column":43}},{"start":{"line":5,"column":46},"end":{"line":5,"column":74}}]},"2":{"loc":{"start":{"line":6,"column":35},"end":{"line":6,"column":45}},"type":"cond-expr","locations":[{"start":{"line":6,"column":35},"end":{"line":6,"column":45}},{"start":{"line":6,"column":48},"end":{"line":6,"column":80}}]},"3":{"loc":{"start":{"line":8,"column":34},"end":{"line":8,"column":43}},"type":"cond-expr","locations":[{"start":{"line":8,"column":34},"end":{"line":8,"column":43}},{"start":{"line":8,"column":46},"end":{"line":8,"column":68}}]},"4":{"loc":{"start":{"line":9,"column":35},"end":{"line":9,"column":45}},"type":"cond-expr","locations":[{"start":{"line":9,"column":35},"end":{"line":9,"column":45}},{"start":{"line":9,"column":48},"end":{"line":9,"column":70}}]}},"s":{"0":1,"1":1,"2":1,"3":13},"f":{"0":13},"b":{"0":[10],"1":[2,11],"2":[1,12],"3":[0,13],"4":[0,13]}}
,"/Users/malgorzatakowal/Documents/Unit-Testing/src/app/service/basket.service.ts": {"path":"/Users/malgorzatakowal/Documents/Unit-Testing/src/app/service/basket.service.ts","statementMap":{"0":{"start":{"line":1,"column":0},"end":{"line":1,"column":43}},"1":{"start":{"line":7,"column":0},"end":{"line":73,"column":null}},"2":{"start":{"line":8,"column":2},"end":{"line":8,"column":27}},"3":{"start":{"line":9,"column":2},"end":{"line":9,"column":20}},"4":{"start":{"line":13,"column":4},"end":{"line":13,"column":16}},"5":{"start":{"line":17,"column":4},"end":{"line":17,"column":84}},"6":{"start":{"line":22,"column":6},"end":{"line":22,"column":64}},"7":{"start":{"line":22,"column":30},"end":{"line":22,"column":63}},"8":{"start":{"line":24,"column":4},"end":{"line":35,"column":null}},"9":{"start":{"line":25,"column":6},"end":{"line":32,"column":11}},"10":{"start":{"line":27,"column":10},"end":{"line":30,"column":null}},"11":{"start":{"line":28,"column":12},"end":{"line":28,"column":40}},"12":{"start":{"line":29,"column":12},"end":{"line":29,"column":21}},"13":{"start":{"line":31,"column":10},"end":{"line":31,"column":19}},"14":{"start":{"line":34,"column":6},"end":{"line":34,"column":34}},"15":{"start":{"line":36,"column":4},"end":{"line":36,"column":32}},"16":{"start":{"line":41,"column":6},"end":{"line":42,"column":null}},"17":{"start":{"line":42,"column":8},"end":{"line":42,"column":74}},"18":{"start":{"line":45,"column":4},"end":{"line":56,"column":null}},"19":{"start":{"line":46,"column":6},"end":{"line":53,"column":11}},"20":{"start":{"line":48,"column":10},"end":{"line":51,"column":null}},"21":{"start":{"line":49,"column":12},"end":{"line":49,"column":40}},"22":{"start":{"line":50,"column":12},"end":{"line":50,"column":21}},"23":{"start":{"line":52,"column":10},"end":{"line":52,"column":19}},"24":{"start":{"line":55,"column":6},"end":{"line":55,"column":117}},"25":{"start":{"line":55,"column":48},"end":{"line":55,"column":115}},"26":{"start":{"line":58,"column":4},"end":{"line":58,"column":84}},"27":{"start":{"line":58,"column":58},"end":{"line":58,"column":79}},"28":{"start":{"line":62,"column":4},"end":{"line":66,"column":null}},"29":{"start":{"line":63,"column":6},"end":{"line":63,"column":56}},"30":{"start":{"line":65,"column":6},"end":{"line":65,"column":35}},"31":{"start":{"line":70,"column":4},"end":{"line":70,"column":23}},"32":{"start":{"line":71,"column":4},"end":{"line":71,"column":19}},"33":{"start":{"line":7,"column":13},"end":{"line":73,"column":null}},"34":{"start":{"line":7,"column":13},"end":{"line":7,"column":26}}},"fnMap":{"0":{"name":"(anonymous_0)","decl":{"start":{"line":10,"column":2},"end":{"line":10,"column":18}},"loc":{"start":{"line":10,"column":2},"end":{"line":10,"column":19}}},"1":{"name":"(anonymous_1)","decl":{"start":{"line":12,"column":2},"end":{"line":12,"column":5}},"loc":{"start":{"line":12,"column":5},"end":{"line":14,"column":3}}},"2":{"name":"(anonymous_2)","decl":{"start":{"line":16,"column":2},"end":{"line":16,"column":18}},"loc":{"start":{"line":16,"column":77},"end":{"line":18,"column":3}}},"3":{"name":"(anonymous_3)","decl":{"start":{"line":20,"column":2},"end":{"line":20,"column":12}},"loc":{"start":{"line":20,"column":29},"end":{"line":37,"column":3}}},"4":{"name":"(anonymous_4)","decl":{"start":{"line":22,"column":25},"end":{"line":22,"column":26}},"loc":{"start":{"line":22,"column":30},"end":{"line":22,"column":63}}},"5":{"name":"(anonymous_5)","decl":{"start":{"line":26,"column":26},"end":{"line":26,"column":27}},"loc":{"start":{"line":26,"column":30},"end":{"line":32,"column":9}}},"6":{"name":"(anonymous_6)","decl":{"start":{"line":39,"column":2},"end":{"line":39,"column":15}},"loc":{"start":{"line":39,"column":56},"end":{"line":59,"column":3}}},"7":{"name":"(anonymous_7)","decl":{"start":{"line":41,"column":25},"end":{"line":41,"column":26}},"loc":{"start":{"line":42,"column":8},"end":{"line":42,"column":74}}},"8":{"name":"(anonymous_8)","decl":{"start":{"line":47,"column":26},"end":{"line":47,"column":27}},"loc":{"start":{"line":47,"column":30},"end":{"line":53,"column":9}}},"9":{"name":"(anonymous_9)","decl":{"start":{"line":55,"column":43},"end":{"line":55,"column":44}},"loc":{"start":{"line":55,"column":48},"end":{"line":55,"column":115}}},"10":{"name":"(anonymous_10)","decl":{"start":{"line":58,"column":38},"end":{"line":58,"column":39}},"loc":{"start":{"line":58,"column":58},"end":{"line":58,"column":79}}},"11":{"name":"(anonymous_11)","decl":{"start":{"line":61,"column":2},"end":{"line":61,"column":15}},"loc":{"start":{"line":61,"column":46},"end":{"line":67,"column":3}}},"12":{"name":"(anonymous_12)","decl":{"start":{"line":69,"column":2},"end":{"line":69,"column":7}},"loc":{"start":{"line":69,"column":7},"end":{"line":72,"column":3}}}},"branchMap":{"0":{"loc":{"start":{"line":17,"column":11},"end":{"line":17,"column":45}},"type":"binary-expr","locations":[{"start":{"line":17,"column":11},"end":{"line":17,"column":45}},{"start":{"line":17,"column":49},"end":{"line":17,"column":83}}]},"1":{"loc":{"start":{"line":24,"column":4},"end":{"line":35,"column":null}},"type":"if","locations":[{"start":{"line":24,"column":4},"end":{"line":35,"column":null}},{"start":{"line":24,"column":4},"end":{"line":35,"column":null}}]},"2":{"loc":{"start":{"line":27,"column":10},"end":{"line":30,"column":null}},"type":"if","locations":[{"start":{"line":27,"column":10},"end":{"line":30,"column":null}},{"start":{"line":27,"column":10},"end":{"line":30,"column":null}}]},"3":{"loc":{"start":{"line":45,"column":4},"end":{"line":56,"column":null}},"type":"if","locations":[{"start":{"line":45,"column":4},"end":{"line":56,"column":null}},{"start":{"line":45,"column":4},"end":{"line":56,"column":null}}]},"4":{"loc":{"start":{"line":45,"column":8},"end":{"line":45,"column":38}},"type":"binary-expr","locations":[{"start":{"line":45,"column":8},"end":{"line":45,"column":38}},{"start":{"line":45,"column":42},"end":{"line":45,"column":85}}]},"5":{"loc":{"start":{"line":48,"column":10},"end":{"line":51,"column":null}},"type":"if","locations":[{"start":{"line":48,"column":10},"end":{"line":51,"column":null}},{"start":{"line":48,"column":10},"end":{"line":51,"column":null}}]},"6":{"loc":{"start":{"line":61,"column":42},"end":{"line":61,"column":46}},"type":"default-arg","locations":[{"start":{"line":61,"column":42},"end":{"line":61,"column":46}}]},"7":{"loc":{"start":{"line":62,"column":4},"end":{"line":66,"column":null}},"type":"if","locations":[{"start":{"line":62,"column":4},"end":{"line":66,"column":null}},{"start":{"line":62,"column":4},"end":{"line":66,"column":null}}]}},"s":{"0":1,"1":1,"2":1,"3":1,"4":13,"5":16,"6":15,"7":6,"8":15,"9":2,"10":2,"11":2,"12":2,"13":0,"14":13,"15":15,"16":3,"17":3,"18":3,"19":1,"20":1,"21":1,"22":1,"23":0,"24":2,"25":4,"26":3,"27":3,"28":2,"29":1,"30":1,"31":12,"32":12,"33":1,"34":1},"f":{"0":1,"1":13,"2":16,"3":15,"4":6,"5":2,"6":3,"7":3,"8":1,"9":4,"10":3,"11":2,"12":12},"b":{"0":[16,13],"1":[2,13],"2":[2,0],"3":[1,2],"4":[3,3],"5":[1,0],"6":[1],"7":[1,1]}}
}
