TN:
SF:/Users/malgorzatakowal/Documents/Unit-Testing/src/app/entity/Product.ts
FN:8,(anonymous_0)
FNF:1
FNH:1
FNDA:13,(anonymous_0)
DA:1,1
DA:9,13
DA:10,13
DA:11,13
DA:12,13
DA:13,13
LF:6
LH:6
BRF:0
BRH:0
end_of_record
TN:
SF:/Users/malgorzatakowal/Documents/Unit-Testing/src/app/factory/Product.ts
FN:4,(anonymous_0)
FNF:1
FNH:1
FNDA:13,(anonymous_0)
DA:1,1
DA:2,1
DA:4,13
LF:3
LH:3
BRDA:4,0,0,10
BRDA:5,1,0,2
BRDA:5,1,1,11
BRDA:6,2,0,1
BRDA:6,2,1,12
BRDA:8,3,0,0
BRDA:8,3,1,13
BRDA:9,4,0,0
BRDA:9,4,1,13
BRF:9
BRH:7
end_of_record
TN:
SF:/Users/malgorzatakowal/Documents/Unit-Testing/src/app/service/basket.service.ts
FN:10,(anonymous_0)
FN:12,(anonymous_1)
FN:16,(anonymous_2)
FN:20,(anonymous_3)
FN:22,(anonymous_4)
FN:26,(anonymous_5)
FN:39,(anonymous_6)
FN:41,(anonymous_7)
FN:47,(anonymous_8)
FN:55,(anonymous_9)
FN:58,(anonymous_10)
FN:61,(anonymous_11)
FN:69,(anonymous_12)
FNF:13
FNH:13
FNDA:1,(anonymous_0)
FNDA:13,(anonymous_1)
FNDA:16,(anonymous_2)
FNDA:15,(anonymous_3)
FNDA:6,(anonymous_4)
FNDA:2,(anonymous_5)
FNDA:3,(anonymous_6)
FNDA:3,(anonymous_7)
FNDA:1,(anonymous_8)
FNDA:4,(anonymous_9)
FNDA:3,(anonymous_10)
FNDA:2,(anonymous_11)
FNDA:12,(anonymous_12)
DA:1,1
DA:7,1
DA:8,1
DA:9,1
DA:13,13
DA:17,16
DA:22,15
DA:24,15
DA:25,2
DA:27,2
DA:28,2
DA:29,2
DA:31,0
DA:34,13
DA:36,15
DA:41,3
DA:42,3
DA:45,3
DA:46,1
DA:48,1
DA:49,1
DA:50,1
DA:52,0
DA:55,4
DA:58,3
DA:62,2
DA:63,1
DA:65,1
DA:70,12
DA:71,12
LF:30
LH:28
BRDA:17,0,0,16
BRDA:17,0,1,13
BRDA:24,1,0,2
BRDA:24,1,1,13
BRDA:27,2,0,2
BRDA:27,2,1,0
BRDA:45,3,0,1
BRDA:45,3,1,2
BRDA:45,4,0,3
BRDA:45,4,1,3
BRDA:48,5,0,1
BRDA:48,5,1,0
BRDA:61,6,0,1
BRDA:62,7,0,1
BRDA:62,7,1,1
BRF:15
BRH:13
end_of_record
