TN:
SF:/home/lukas/gosia/Unit-Testing/src/entity/Product.js
FN:2,(anonymous_0)
FNF:1
FNH:0
FNDA:0,(anonymous_0)
DA:3,0
DA:4,0
DA:5,0
DA:6,0
DA:10,1
LF:5
LH:1
BRF:0
BRH:0
end_of_record
TN:
SF:/home/lukas/gosia/Unit-Testing/src/service/Basket.js
FN:5,(anonymous_0)
FN:10,(anonymous_1)
FN:14,(anonymous_2)
FN:18,(anonymous_3)
FN:24,(anonymous_4)
FN:28,(anonymous_5)
FN:41,(anonymous_6)
FN:42,(anonymous_7)
FN:43,(anonymous_8)
FN:46,(anonymous_9)
FN:54,(anonymous_10)
FNF:11
FNH:4
FNDA:1,(anonymous_0)
FNDA:6,(anonymous_1)
FNDA:0,(anonymous_2)
FNDA:5,(anonymous_3)
FNDA:0,(anonymous_4)
FNDA:0,(anonymous_5)
FNDA:0,(anonymous_6)
FNDA:0,(anonymous_7)
FNDA:0,(anonymous_8)
FNDA:0,(anonymous_9)
FNDA:8,(anonymous_10)
DA:1,1
DA:6,1
DA:7,1
DA:11,6
DA:15,0
DA:19,5
DA:20,5
DA:24,0
DA:26,0
DA:27,0
DA:29,0
DA:30,0
DA:31,0
DA:33,0
DA:36,0
DA:38,0
DA:42,0
DA:43,0
DA:47,0
DA:48,0
DA:50,0
DA:55,8
DA:56,8
DA:61,1
DA:63,1
LF:25
LH:10
BRDA:15,0,0,0
BRDA:15,0,1,0
BRDA:19,1,0,5
BRDA:19,1,1,0
BRDA:26,2,0,0
BRDA:26,2,1,0
BRDA:29,3,0,0
BRDA:29,3,1,0
BRDA:46,4,0,0
BRDA:47,5,0,0
BRDA:47,5,1,0
BRF:11
BRH:1
end_of_record
